The usage based heuristic initial solution of I70_S210_C200.txt has the score 69475.
The traffic based heuristic initial solution of I70_S210_C200.txt has the score 69396.
The solution of I70_S210_C200.txt has the score 69577.
Optimized for 102 points.
Execution time: 30.000239046899758 minutes.

The usage based heuristic initial solution of I70_S210_C200.txt has the score 69475.
The traffic based heuristic initial solution of I70_S210_C200.txt has the score 69396.
The solution of I70_S210_C200.txt has the score 69586.
Optimized for 111 points.
Execution time: 30.000141462966955 minutes.

The usage based heuristic initial solution of I70_S210_C200.txt has the score 69475.
The traffic based heuristic initial solution of I70_S210_C200.txt has the score 69396.
The solution of I70_S210_C200.txt has the score 69581.
Optimized for 106 points.
Execution time: 30.000245204467017 minutes.

The usage based heuristic initial solution of I70_S210_C200.txt has the score 69475.
The traffic based heuristic initial solution of I70_S210_C200.txt has the score 69396.
The solution of I70_S210_C200.txt has the score 69575.
Optimized for 100 points.
Execution time: 30.00022992809924 minutes.

The usage based heuristic initial solution of I70_S210_C200.txt has the score 69475.
The traffic based heuristic initial solution of I70_S210_C200.txt has the score 69396.
The solution of I70_S210_C200.txt has the score 69572.
Optimized for 97 points.
Execution time: 30.000219907599966 minutes.

The usage based heuristic initial solution of I70_S210_C200.txt has the score 69475.
The traffic based heuristic initial solution of I70_S210_C200.txt has the score 69396.
The solution of I70_S210_C200.txt has the score 69578.
Optimized for 103 points.
Execution time: 30.000235063198488 minutes.

The usage based heuristic initial solution of I70_S210_C200.txt has the score 69475.
The traffic based heuristic initial solution of I70_S210_C200.txt has the score 69396.
The solution of I70_S210_C200.txt has the score 69577.
Optimized for 102 points.
Execution time: 30.00023542191678 minutes.

The usage based heuristic initial solution of I70_S210_C200.txt has the score 69475.
The traffic based heuristic initial solution of I70_S210_C200.txt has the score 69396.
The solution of I70_S210_C200.txt has the score 69572.
Optimized for 97 points.
Execution time: 30.0002245740965 minutes.

The usage based heuristic initial solution of I70_S210_C200.txt has the score 69475.
The traffic based heuristic initial solution of I70_S210_C200.txt has the score 69396.
The solution of I70_S210_C200.txt has the score 69588.
Optimized for 113 points.
Execution time: 30.00024856070134 minutes.

The usage based heuristic initial solution of I70_S210_C200.txt has the score 69475.
The traffic based heuristic initial solution of I70_S210_C200.txt has the score 69396.
The solution of I70_S210_C200.txt has the score 69579.
Optimized for 104 points.
Execution time: 30.00025979958397 minutes.

The usage based heuristic initial solution of I100_S400_C600.txt has the score 122337.
The traffic based heuristic initial solution of I100_S400_C600.txt has the score 123075.
The solution of I100_S400_C600.txt has the score 135406.
Optimized for 12331 points.
Execution time: 30.00196224236473 minutes.

The usage based heuristic initial solution of I100_S400_C600.txt has the score 122337.
The traffic based heuristic initial solution of I100_S400_C600.txt has the score 122201.
The solution of I100_S400_C600.txt has the score 133970.
Optimized for 11633 points.
Execution time: 30.001970041166835 minutes.

The usage based heuristic initial solution of I100_S400_C600.txt has the score 122337.
The traffic based heuristic initial solution of I100_S400_C600.txt has the score 117630.
The solution of I100_S400_C600.txt has the score 134528.
Optimized for 12191 points.
Execution time: 30.001859942652906 minutes.

The usage based heuristic initial solution of I100_S400_C600.txt has the score 122337.
The traffic based heuristic initial solution of I100_S400_C600.txt has the score 122362.
The solution of I100_S400_C600.txt has the score 136321.
Optimized for 13959 points.
Execution time: 30.001827183699547 minutes.

The usage based heuristic initial solution of I100_S400_C600.txt has the score 122337.
The traffic based heuristic initial solution of I100_S400_C600.txt has the score 122716.
The solution of I100_S400_C600.txt has the score 137829.
Optimized for 15113 points.
Execution time: 30.00195602243378 minutes.

The usage based heuristic initial solution of I100_S400_C600.txt has the score 122337.
The traffic based heuristic initial solution of I100_S400_C600.txt has the score 121550.
The solution of I100_S400_C600.txt has the score 134700.
Optimized for 12363 points.
Execution time: 30.001947387851153 minutes.

The usage based heuristic initial solution of I100_S400_C600.txt has the score 122337.
The traffic based heuristic initial solution of I100_S400_C600.txt has the score 125409.
The solution of I100_S400_C600.txt has the score 137390.
Optimized for 11981 points.
Execution time: 30.001977130068312 minutes.

The usage based heuristic initial solution of I100_S400_C600.txt has the score 122337.
The traffic based heuristic initial solution of I100_S400_C600.txt has the score 122266.
The solution of I100_S400_C600.txt has the score 135082.
Optimized for 12745 points.
Execution time: 30.001786214334423 minutes.

The usage based heuristic initial solution of I100_S400_C600.txt has the score 122337.
The traffic based heuristic initial solution of I100_S400_C600.txt has the score 121815.
The solution of I100_S400_C600.txt has the score 133671.
Optimized for 11334 points.
Execution time: 30.001571944418053 minutes.

The usage based heuristic initial solution of I100_S400_C600.txt has the score 122337.
The traffic based heuristic initial solution of I100_S400_C600.txt has the score 120350.
The solution of I100_S400_C600.txt has the score 134517.
Optimized for 12180 points.
Execution time: 30.00177307589911 minutes.

The usage based heuristic initial solution of I100_S500_C500.txt has the score 449528.
The traffic based heuristic initial solution of I100_S500_C500.txt has the score 449307.
The solution of I100_S500_C500.txt has the score 449969.
Optimized for 441 points.
Execution time: 30.000634101650213 minutes.

The usage based heuristic initial solution of I100_S500_C500.txt has the score 449528.
The traffic based heuristic initial solution of I100_S500_C500.txt has the score 449307.
The solution of I100_S500_C500.txt has the score 449983.
Optimized for 455 points.
Execution time: 30.00075620415155 minutes.

The usage based heuristic initial solution of I100_S500_C500.txt has the score 449528.
The traffic based heuristic initial solution of I100_S500_C500.txt has the score 449307.
The solution of I100_S500_C500.txt has the score 449964.
Optimized for 436 points.
Execution time: 30.000654547933177 minutes.

The usage based heuristic initial solution of I100_S500_C500.txt has the score 449528.
The traffic based heuristic initial solution of I100_S500_C500.txt has the score 449307.
The solution of I100_S500_C500.txt has the score 449992.
Optimized for 464 points.
Execution time: 30.000630567098657 minutes.

The usage based heuristic initial solution of I100_S500_C500.txt has the score 449528.
The traffic based heuristic initial solution of I100_S500_C500.txt has the score 449307.
The solution of I100_S500_C500.txt has the score 449995.
Optimized for 467 points.
Execution time: 30.000659746533106 minutes.

The usage based heuristic initial solution of I100_S500_C500.txt has the score 449528.
The traffic based heuristic initial solution of I100_S500_C500.txt has the score 449307.
The solution of I100_S500_C500.txt has the score 449948.
Optimized for 420 points.
Execution time: 30.00071954880065 minutes.

The usage based heuristic initial solution of I100_S500_C500.txt has the score 449528.
The traffic based heuristic initial solution of I100_S500_C500.txt has the score 449307.
The solution of I100_S500_C500.txt has the score 449981.
Optimized for 453 points.
Execution time: 30.000715939432848 minutes.

The usage based heuristic initial solution of I100_S500_C500.txt has the score 449528.
The traffic based heuristic initial solution of I100_S500_C500.txt has the score 449307.
The solution of I100_S500_C500.txt has the score 450002.
Optimized for 474 points.
Execution time: 30.000468676467428 minutes.

The usage based heuristic initial solution of I100_S500_C500.txt has the score 449528.
The traffic based heuristic initial solution of I100_S500_C500.txt has the score 449307.
The solution of I100_S500_C500.txt has the score 449976.
Optimized for 448 points.
Execution time: 30.000747133647867 minutes.

The usage based heuristic initial solution of I100_S500_C500.txt has the score 449528.
The traffic based heuristic initial solution of I100_S500_C500.txt has the score 449307.
The solution of I100_S500_C500.txt has the score 449955.
Optimized for 427 points.
Execution time: 30.00075491905057 minutes.

The usage based heuristic initial solution of I100_S600_C153.txt has the score 60813.
The traffic based heuristic initial solution of I100_S600_C153.txt has the score 64542.
The solution of I100_S600_C153.txt has the score 72399.
Optimized for 7857 points.
Execution time: 30.002132582466583 minutes.

The usage based heuristic initial solution of I100_S600_C153.txt has the score 60813.
The traffic based heuristic initial solution of I100_S600_C153.txt has the score 63805.
The solution of I100_S600_C153.txt has the score 73054.
Optimized for 9249 points.
Execution time: 30.002119143633173 minutes.

The usage based heuristic initial solution of I100_S600_C153.txt has the score 60813.
The traffic based heuristic initial solution of I100_S600_C153.txt has the score 63825.
The solution of I100_S600_C153.txt has the score 73127.
Optimized for 9302 points.
Execution time: 30.001936892264833 minutes.

The usage based heuristic initial solution of I100_S600_C153.txt has the score 60813.
The traffic based heuristic initial solution of I100_S600_C153.txt has the score 63824.
The solution of I100_S600_C153.txt has the score 72389.
Optimized for 8565 points.
Execution time: 30.002205261584216 minutes.

The usage based heuristic initial solution of I100_S600_C153.txt has the score 60813.
The traffic based heuristic initial solution of I100_S600_C153.txt has the score 63141.
The solution of I100_S600_C153.txt has the score 73685.
Optimized for 10544 points.
Execution time: 30.002092533768156 minutes.

The usage based heuristic initial solution of I100_S600_C153.txt has the score 60813.
The traffic based heuristic initial solution of I100_S600_C153.txt has the score 64536.
The solution of I100_S600_C153.txt has the score 73084.
Optimized for 8548 points.
Execution time: 30.002089017082472 minutes.

The usage based heuristic initial solution of I100_S600_C153.txt has the score 60813.
The traffic based heuristic initial solution of I100_S600_C153.txt has the score 64515.
The solution of I100_S600_C153.txt has the score 74540.
Optimized for 10025 points.
Execution time: 30.001825857752312 minutes.

The usage based heuristic initial solution of I100_S600_C153.txt has the score 60813.
The traffic based heuristic initial solution of I100_S600_C153.txt has the score 63843.
The solution of I100_S600_C153.txt has the score 74465.
Optimized for 10622 points.
Execution time: 30.002002311435838 minutes.

The usage based heuristic initial solution of I100_S600_C153.txt has the score 60813.
The traffic based heuristic initial solution of I100_S600_C153.txt has the score 63813.
The solution of I100_S600_C153.txt has the score 73808.
Optimized for 9995 points.
Execution time: 30.002109416380215 minutes.

The usage based heuristic initial solution of I100_S600_C153.txt has the score 60813.
The traffic based heuristic initial solution of I100_S600_C153.txt has the score 62456.
The solution of I100_S600_C153.txt has the score 72364.
Optimized for 9908 points.
Execution time: 30.002157327350385 minutes.

The usage based heuristic initial solution of I110_S330_C450.txt has the score 308779.
The traffic based heuristic initial solution of I110_S330_C450.txt has the score 308571.
The solution of I110_S330_C450.txt has the score 308960.
Optimized for 181 points.
Execution time: 30.00072571283284 minutes.

The usage based heuristic initial solution of I110_S330_C450.txt has the score 308779.
The traffic based heuristic initial solution of I110_S330_C450.txt has the score 308571.
The solution of I110_S330_C450.txt has the score 308972.
Optimized for 193 points.
Execution time: 30.00072509458211 minutes.

The usage based heuristic initial solution of I110_S330_C450.txt has the score 308779.
The traffic based heuristic initial solution of I110_S330_C450.txt has the score 308571.
The solution of I110_S330_C450.txt has the score 308932.
Optimized for 153 points.
Execution time: 30.000783349697787 minutes.

The usage based heuristic initial solution of I110_S330_C450.txt has the score 308779.
The traffic based heuristic initial solution of I110_S330_C450.txt has the score 308571.
The solution of I110_S330_C450.txt has the score 308955.
Optimized for 176 points.
Execution time: 30.00077886431633 minutes.

The usage based heuristic initial solution of I110_S330_C450.txt has the score 308779.
The traffic based heuristic initial solution of I110_S330_C450.txt has the score 308571.
The solution of I110_S330_C450.txt has the score 308957.
Optimized for 178 points.
Execution time: 30.00073901893338 minutes.

The usage based heuristic initial solution of I110_S330_C450.txt has the score 308779.
The traffic based heuristic initial solution of I110_S330_C450.txt has the score 308571.
The solution of I110_S330_C450.txt has the score 308961.
Optimized for 182 points.
Execution time: 30.0008440169661 minutes.

The usage based heuristic initial solution of I110_S330_C450.txt has the score 308779.
The traffic based heuristic initial solution of I110_S330_C450.txt has the score 308571.
The solution of I110_S330_C450.txt has the score 308954.
Optimized for 175 points.
Execution time: 30.000816928614707 minutes.

The usage based heuristic initial solution of I110_S330_C450.txt has the score 308779.
The traffic based heuristic initial solution of I110_S330_C450.txt has the score 308571.
The solution of I110_S330_C450.txt has the score 308984.
Optimized for 205 points.
Execution time: 30.00074407256907 minutes.

The usage based heuristic initial solution of I110_S330_C450.txt has the score 308779.
The traffic based heuristic initial solution of I110_S330_C450.txt has the score 308571.
The solution of I110_S330_C450.txt has the score 308966.
Optimized for 187 points.
Execution time: 30.000823865066437 minutes.

The usage based heuristic initial solution of I110_S330_C450.txt has the score 308779.
The traffic based heuristic initial solution of I110_S330_C450.txt has the score 308571.
The solution of I110_S330_C450.txt has the score 308959.
Optimized for 180 points.
Execution time: 30.000837649564104 minutes.

The usage based heuristic initial solution of I120_S480_C500.txt has the score 568233.
The traffic based heuristic initial solution of I120_S480_C500.txt has the score 568016.
The solution of I120_S480_C500.txt has the score 568559.
Optimized for 326 points.
Execution time: 30.000776470363295 minutes.

The usage based heuristic initial solution of I120_S480_C500.txt has the score 568233.
The traffic based heuristic initial solution of I120_S480_C500.txt has the score 568016.
The solution of I120_S480_C500.txt has the score 568542.
Optimized for 309 points.
Execution time: 30.0008230622819 minutes.

The usage based heuristic initial solution of I120_S480_C500.txt has the score 568233.
The traffic based heuristic initial solution of I120_S480_C500.txt has the score 568016.
The solution of I120_S480_C500.txt has the score 568542.
Optimized for 309 points.
Execution time: 30.0008822871993 minutes.

The usage based heuristic initial solution of I120_S480_C500.txt has the score 568233.
The traffic based heuristic initial solution of I120_S480_C500.txt has the score 568016.
The solution of I120_S480_C500.txt has the score 568546.
Optimized for 313 points.
Execution time: 30.00087816551871 minutes.

The usage based heuristic initial solution of I120_S480_C500.txt has the score 568233.
The traffic based heuristic initial solution of I120_S480_C500.txt has the score 568016.
The solution of I120_S480_C500.txt has the score 568524.
Optimized for 291 points.
Execution time: 30.000760826231758 minutes.

The usage based heuristic initial solution of I120_S480_C500.txt has the score 568233.
The traffic based heuristic initial solution of I120_S480_C500.txt has the score 568016.
The solution of I120_S480_C500.txt has the score 568510.
Optimized for 277 points.
Execution time: 30.000910320381323 minutes.

The usage based heuristic initial solution of I120_S480_C500.txt has the score 568233.
The traffic based heuristic initial solution of I120_S480_C500.txt has the score 568016.
The solution of I120_S480_C500.txt has the score 568519.
Optimized for 286 points.
Execution time: 30.000775222235823 minutes.

The usage based heuristic initial solution of I120_S480_C500.txt has the score 568233.
The traffic based heuristic initial solution of I120_S480_C500.txt has the score 568016.
The solution of I120_S480_C500.txt has the score 568537.
Optimized for 304 points.
Execution time: 30.000790363014676 minutes.

The usage based heuristic initial solution of I120_S480_C500.txt has the score 568233.
The traffic based heuristic initial solution of I120_S480_C500.txt has the score 568016.
The solution of I120_S480_C500.txt has the score 568533.
Optimized for 300 points.
Execution time: 30.00086004513238 minutes.

The usage based heuristic initial solution of I120_S480_C500.txt has the score 568233.
The traffic based heuristic initial solution of I120_S480_C500.txt has the score 568016.
The solution of I120_S480_C500.txt has the score 568525.
Optimized for 292 points.
Execution time: 30.000947315265268 minutes.

The usage based heuristic initial solution of I120_S720_C400.txt has the score 344449.
The traffic based heuristic initial solution of I120_S720_C400.txt has the score 344320.
The solution of I120_S720_C400.txt has the score 344802.
Optimized for 353 points.
Execution time: 30.000981880666224 minutes.

The usage based heuristic initial solution of I120_S720_C400.txt has the score 344449.
The traffic based heuristic initial solution of I120_S720_C400.txt has the score 344320.
The solution of I120_S720_C400.txt has the score 344788.
Optimized for 339 points.
Execution time: 30.001104533167865 minutes.

The usage based heuristic initial solution of I120_S720_C400.txt has the score 344449.
The traffic based heuristic initial solution of I120_S720_C400.txt has the score 344320.
The solution of I120_S720_C400.txt has the score 344799.
Optimized for 350 points.
Execution time: 30.000998857683346 minutes.

The usage based heuristic initial solution of I120_S720_C400.txt has the score 344449.
The traffic based heuristic initial solution of I120_S720_C400.txt has the score 344320.
The solution of I120_S720_C400.txt has the score 344837.
Optimized for 388 points.
Execution time: 30.00137484044923 minutes.

The usage based heuristic initial solution of I120_S720_C400.txt has the score 344449.
The traffic based heuristic initial solution of I120_S720_C400.txt has the score 344320.
The solution of I120_S720_C400.txt has the score 344865.
Optimized for 416 points.
Execution time: 30.001100631368658 minutes.

The usage based heuristic initial solution of I120_S720_C400.txt has the score 344449.
The traffic based heuristic initial solution of I120_S720_C400.txt has the score 344320.
The solution of I120_S720_C400.txt has the score 344816.
Optimized for 367 points.
Execution time: 30.0010840183318 minutes.

The usage based heuristic initial solution of I120_S720_C400.txt has the score 344449.
The traffic based heuristic initial solution of I120_S720_C400.txt has the score 344320.
The solution of I120_S720_C400.txt has the score 344877.
Optimized for 428 points.
Execution time: 30.00112084221716 minutes.

The usage based heuristic initial solution of I120_S720_C400.txt has the score 344449.
The traffic based heuristic initial solution of I120_S720_C400.txt has the score 344320.
The solution of I120_S720_C400.txt has the score 344849.
Optimized for 400 points.
Execution time: 30.00111606606515 minutes.

The usage based heuristic initial solution of I120_S720_C400.txt has the score 344449.
The traffic based heuristic initial solution of I120_S720_C400.txt has the score 344320.
The solution of I120_S720_C400.txt has the score 344817.
Optimized for 368 points.
Execution time: 30.00097091483573 minutes.

The usage based heuristic initial solution of I120_S720_C400.txt has the score 344449.
The traffic based heuristic initial solution of I120_S720_C400.txt has the score 344320.
The solution of I120_S720_C400.txt has the score 344810.
Optimized for 361 points.
Execution time: 30.001082585635594 minutes.

The usage based heuristic initial solution of I150_S45150_C100.txt has the score 89622.
The traffic based heuristic initial solution of I150_S45150_C100.txt has the score 89623.
The solution of I150_S45150_C100.txt has the score 89766.
Optimized for 143 points.
Execution time: 30.005218536251537 minutes.

The usage based heuristic initial solution of I150_S45150_C100.txt has the score 89622.
The traffic based heuristic initial solution of I150_S45150_C100.txt has the score 89623.
The solution of I150_S45150_C100.txt has the score 89770.
Optimized for 147 points.
Execution time: 30.005017212281626 minutes.

The usage based heuristic initial solution of I150_S45150_C100.txt has the score 89622.
The traffic based heuristic initial solution of I150_S45150_C100.txt has the score 89623.
The solution of I150_S45150_C100.txt has the score 89766.
Optimized for 143 points.
Execution time: 30.00572005418362 minutes.

The usage based heuristic initial solution of I150_S45150_C100.txt has the score 89622.
The traffic based heuristic initial solution of I150_S45150_C100.txt has the score 89623.
The solution of I150_S45150_C100.txt has the score 89766.
Optimized for 143 points.
Execution time: 30.004553543632696 minutes.

The usage based heuristic initial solution of I150_S45150_C100.txt has the score 89622.
The traffic based heuristic initial solution of I150_S45150_C100.txt has the score 89623.
The solution of I150_S45150_C100.txt has the score 89764.
Optimized for 141 points.
Execution time: 30.005334563933623 minutes.

The usage based heuristic initial solution of I150_S45150_C100.txt has the score 89622.
The traffic based heuristic initial solution of I150_S45150_C100.txt has the score 89623.
The solution of I150_S45150_C100.txt has the score 89767.
Optimized for 144 points.
Execution time: 30.005652467402008 minutes.

The usage based heuristic initial solution of I150_S45150_C100.txt has the score 89622.
The traffic based heuristic initial solution of I150_S45150_C100.txt has the score 89623.
The solution of I150_S45150_C100.txt has the score 89775.
Optimized for 152 points.
Execution time: 30.00433893786588 minutes.

The usage based heuristic initial solution of I150_S45150_C100.txt has the score 89622.
The traffic based heuristic initial solution of I150_S45150_C100.txt has the score 89623.
The solution of I150_S45150_C100.txt has the score 89769.
Optimized for 146 points.
Execution time: 30.0059201584314 minutes.

The usage based heuristic initial solution of I150_S45150_C100.txt has the score 89622.
The traffic based heuristic initial solution of I150_S45150_C100.txt has the score 89623.
The solution of I150_S45150_C100.txt has the score 89753.
Optimized for 130 points.
Execution time: 30.00452289643387 minutes.

The usage based heuristic initial solution of I150_S45150_C100.txt has the score 89622.
The traffic based heuristic initial solution of I150_S45150_C100.txt has the score 89623.
The solution of I150_S45150_C100.txt has the score 89755.
Optimized for 132 points.
Execution time: 30.006516305784075 minutes.

The usage based heuristic initial solution of I155_S57155_C300.txt has the score 140607.
The traffic based heuristic initial solution of I155_S57155_C300.txt has the score 140578.
The solution of I155_S57155_C300.txt has the score 141191.
Optimized for 584 points.
Execution time: 30.00585706779966 minutes.

The usage based heuristic initial solution of I155_S57155_C300.txt has the score 140607.
The traffic based heuristic initial solution of I155_S57155_C300.txt has the score 140578.
The solution of I155_S57155_C300.txt has the score 141166.
Optimized for 559 points.
Execution time: 30.00843566854795 minutes.

The usage based heuristic initial solution of I155_S57155_C300.txt has the score 140607.
The traffic based heuristic initial solution of I155_S57155_C300.txt has the score 140578.
The solution of I155_S57155_C300.txt has the score 141213.
Optimized for 606 points.
Execution time: 30.00604804405011 minutes.

The usage based heuristic initial solution of I155_S57155_C300.txt has the score 140607.
The traffic based heuristic initial solution of I155_S57155_C300.txt has the score 140578.
The solution of I155_S57155_C300.txt has the score 141163.
Optimized for 556 points.
Execution time: 30.005755291165162 minutes.

The usage based heuristic initial solution of I155_S57155_C300.txt has the score 140607.
The traffic based heuristic initial solution of I155_S57155_C300.txt has the score 140578.
The solution of I155_S57155_C300.txt has the score 141186.
Optimized for 579 points.
Execution time: 30.00926411561668 minutes.

The usage based heuristic initial solution of I155_S57155_C300.txt has the score 140607.
The traffic based heuristic initial solution of I155_S57155_C300.txt has the score 140578.
The solution of I155_S57155_C300.txt has the score 141174.
Optimized for 567 points.
Execution time: 30.005768971083064 minutes.

The usage based heuristic initial solution of I155_S57155_C300.txt has the score 140607.
The traffic based heuristic initial solution of I155_S57155_C300.txt has the score 140578.
The solution of I155_S57155_C300.txt has the score 141171.
Optimized for 564 points.
Execution time: 30.006064708301952 minutes.

The usage based heuristic initial solution of I155_S57155_C300.txt has the score 140607.
The traffic based heuristic initial solution of I155_S57155_C300.txt has the score 140578.
The solution of I155_S57155_C300.txt has the score 141196.
Optimized for 589 points.
Execution time: 30.005811720450097 minutes.

The usage based heuristic initial solution of I155_S57155_C300.txt has the score 140607.
The traffic based heuristic initial solution of I155_S57155_C300.txt has the score 140578.
The solution of I155_S57155_C300.txt has the score 141228.
Optimized for 621 points.
Execution time: 30.010486769850832 minutes.

The usage based heuristic initial solution of I155_S57155_C300.txt has the score 140607.
The traffic based heuristic initial solution of I155_S57155_C300.txt has the score 140578.
The solution of I155_S57155_C300.txt has the score 141157.
Optimized for 550 points.
Execution time: 30.005803674052004 minutes.

The usage based heuristic initial solution of I1662_S10000_C1000.txt has the score 1293347.
The traffic based heuristic initial solution of I1662_S10000_C1000.txt has the score 768950.
The solution of I1662_S10000_C1000.txt has the score 1303919.
Optimized for 10572 points.
Execution time: 30.057480191517 minutes.

The usage based heuristic initial solution of I1662_S10000_C1000.txt has the score 1293347.
The traffic based heuristic initial solution of I1662_S10000_C1000.txt has the score 768361.
The solution of I1662_S10000_C1000.txt has the score 1304440.
Optimized for 11093 points.
Execution time: 30.06210624711821 minutes.

The usage based heuristic initial solution of I1662_S10000_C1000.txt has the score 1293347.
The traffic based heuristic initial solution of I1662_S10000_C1000.txt has the score 767093.
The solution of I1662_S10000_C1000.txt has the score 1304505.
Optimized for 11158 points.
Execution time: 30.058687004516834 minutes.

The usage based heuristic initial solution of I1662_S10000_C1000.txt has the score 1293347.
The traffic based heuristic initial solution of I1662_S10000_C1000.txt has the score 785899.
The solution of I1662_S10000_C1000.txt has the score 1303766.
Optimized for 10419 points.
Execution time: 30.062793653446715 minutes.

The usage based heuristic initial solution of I1662_S10000_C1000.txt has the score 1293347.
The traffic based heuristic initial solution of I1662_S10000_C1000.txt has the score 784330.
The solution of I1662_S10000_C1000.txt has the score 1302717.
Optimized for 9370 points.
Execution time: 30.07015289318515 minutes.

The usage based heuristic initial solution of I1662_S10000_C1000.txt has the score 1293347.
The traffic based heuristic initial solution of I1662_S10000_C1000.txt has the score 767708.
The solution of I1662_S10000_C1000.txt has the score 1301891.
Optimized for 8544 points.
Execution time: 30.058145250698242 minutes.

The usage based heuristic initial solution of I1662_S10000_C1000.txt has the score 1293347.
The traffic based heuristic initial solution of I1662_S10000_C1000.txt has the score 779300.
The solution of I1662_S10000_C1000.txt has the score 1305299.
Optimized for 11952 points.
Execution time: 30.065352079602114 minutes.

The usage based heuristic initial solution of I1662_S10000_C1000.txt has the score 1293347.
The traffic based heuristic initial solution of I1662_S10000_C1000.txt has the score 761354.
The solution of I1662_S10000_C1000.txt has the score 1301978.
Optimized for 8631 points.
Execution time: 30.05531999364806 minutes.

The usage based heuristic initial solution of I1662_S10000_C1000.txt has the score 1293347.
The traffic based heuristic initial solution of I1662_S10000_C1000.txt has the score 784570.
The solution of I1662_S10000_C1000.txt has the score 1305091.
Optimized for 11744 points.
Execution time: 30.056471444600415 minutes.

The usage based heuristic initial solution of I1662_S10000_C1000.txt has the score 1293347.
The traffic based heuristic initial solution of I1662_S10000_C1000.txt has the score 768671.
The solution of I1662_S10000_C1000.txt has the score 1302485.
Optimized for 9138 points.
Execution time: 30.059847797084753 minutes.

The usage based heuristic initial solution of I180_S1080_C800.txt has the score 1027897.
The traffic based heuristic initial solution of I180_S1080_C800.txt has the score 1027622.
The solution of I180_S1080_C800.txt has the score 1028392.
Optimized for 495 points.
Execution time: 30.00270796980088 minutes.

The usage based heuristic initial solution of I180_S1080_C800.txt has the score 1027897.
The traffic based heuristic initial solution of I180_S1080_C800.txt has the score 1027622.
The solution of I180_S1080_C800.txt has the score 1028416.
Optimized for 519 points.
Execution time: 30.00264435383336 minutes.

The usage based heuristic initial solution of I180_S1080_C800.txt has the score 1027897.
The traffic based heuristic initial solution of I180_S1080_C800.txt has the score 1027622.
The solution of I180_S1080_C800.txt has the score 1028375.
Optimized for 478 points.
Execution time: 30.00298903095148 minutes.

The usage based heuristic initial solution of I180_S1080_C800.txt has the score 1027897.
The traffic based heuristic initial solution of I180_S1080_C800.txt has the score 1027622.
The solution of I180_S1080_C800.txt has the score 1028401.
Optimized for 504 points.
Execution time: 30.00283745478373 minutes.

The usage based heuristic initial solution of I180_S1080_C800.txt has the score 1027897.
The traffic based heuristic initial solution of I180_S1080_C800.txt has the score 1027622.
The solution of I180_S1080_C800.txt has the score 1028440.
Optimized for 543 points.
Execution time: 30.002879447532663 minutes.

The usage based heuristic initial solution of I180_S1080_C800.txt has the score 1027897.
The traffic based heuristic initial solution of I180_S1080_C800.txt has the score 1027622.
The solution of I180_S1080_C800.txt has the score 1028427.
Optimized for 530 points.
Execution time: 30.00248840491598 minutes.

The usage based heuristic initial solution of I180_S1080_C800.txt has the score 1027897.
The traffic based heuristic initial solution of I180_S1080_C800.txt has the score 1027622.
The solution of I180_S1080_C800.txt has the score 1028409.
Optimized for 512 points.
Execution time: 30.003034122715082 minutes.

The usage based heuristic initial solution of I180_S1080_C800.txt has the score 1027897.
The traffic based heuristic initial solution of I180_S1080_C800.txt has the score 1027622.
The solution of I180_S1080_C800.txt has the score 1028438.
Optimized for 541 points.
Execution time: 30.002840569250598 minutes.

The usage based heuristic initial solution of I180_S1080_C800.txt has the score 1027897.
The traffic based heuristic initial solution of I180_S1080_C800.txt has the score 1027622.
The solution of I180_S1080_C800.txt has the score 1028486.
Optimized for 589 points.
Execution time: 30.002996534198367 minutes.

The usage based heuristic initial solution of I180_S1080_C800.txt has the score 1027897.
The traffic based heuristic initial solution of I180_S1080_C800.txt has the score 1027622.
The solution of I180_S1080_C800.txt has the score 1028453.
Optimized for 556 points.
Execution time: 30.003103636049975 minutes.

The usage based heuristic initial solution of I2000_S12000_C57.txt has the score 53447.
The traffic based heuristic initial solution of I2000_S12000_C57.txt has the score 53448.
The solution of I2000_S12000_C57.txt has the score 54506.
Optimized for 1058 points.
Execution time: 30.00289018068385 minutes.

The usage based heuristic initial solution of I2000_S12000_C57.txt has the score 53447.
The traffic based heuristic initial solution of I2000_S12000_C57.txt has the score 53448.
The solution of I2000_S12000_C57.txt has the score 54508.
Optimized for 1060 points.
Execution time: 30.00256354413383 minutes.

The usage based heuristic initial solution of I2000_S12000_C57.txt has the score 53447.
The traffic based heuristic initial solution of I2000_S12000_C57.txt has the score 53448.
The solution of I2000_S12000_C57.txt has the score 54508.
Optimized for 1060 points.
Execution time: 30.002386968113328 minutes.

The usage based heuristic initial solution of I2000_S12000_C57.txt has the score 53447.
The traffic based heuristic initial solution of I2000_S12000_C57.txt has the score 53448.
The solution of I2000_S12000_C57.txt has the score 54505.
Optimized for 1057 points.
Execution time: 30.002482564665844 minutes.

The usage based heuristic initial solution of I2000_S12000_C57.txt has the score 53447.
The traffic based heuristic initial solution of I2000_S12000_C57.txt has the score 53448.
The solution of I2000_S12000_C57.txt has the score 54505.
Optimized for 1057 points.
Execution time: 30.0024262434997 minutes.

The usage based heuristic initial solution of I2000_S12000_C57.txt has the score 53447.
The traffic based heuristic initial solution of I2000_S12000_C57.txt has the score 53448.
The solution of I2000_S12000_C57.txt has the score 54507.
Optimized for 1059 points.
Execution time: 30.002489358916257 minutes.

The usage based heuristic initial solution of I2000_S12000_C57.txt has the score 53447.
The traffic based heuristic initial solution of I2000_S12000_C57.txt has the score 53448.
The solution of I2000_S12000_C57.txt has the score 54506.
Optimized for 1058 points.
Execution time: 30.00257819763307 minutes.

The usage based heuristic initial solution of I2000_S12000_C57.txt has the score 53447.
The traffic based heuristic initial solution of I2000_S12000_C57.txt has the score 53448.
The solution of I2000_S12000_C57.txt has the score 54499.
Optimized for 1051 points.
Execution time: 30.002549228433054 minutes.

The usage based heuristic initial solution of I2000_S12000_C57.txt has the score 53447.
The traffic based heuristic initial solution of I2000_S12000_C57.txt has the score 53448.
The solution of I2000_S12000_C57.txt has the score 54504.
Optimized for 1056 points.
Execution time: 30.002443324048848 minutes.

The usage based heuristic initial solution of I2000_S12000_C57.txt has the score 53447.
The traffic based heuristic initial solution of I2000_S12000_C57.txt has the score 53448.
The solution of I2000_S12000_C57.txt has the score 54504.
Optimized for 1056 points.
Execution time: 30.00267709674857 minutes.

The usage based heuristic initial solution of I2000_S6000_C376.txt has the score 1530738.
The traffic based heuristic initial solution of I2000_S6000_C376.txt has the score 1530739.
The solution of I2000_S6000_C376.txt has the score 1530858.
Optimized for 119 points.
Execution time: 30.02906339430095 minutes.

The usage based heuristic initial solution of I2000_S6000_C376.txt has the score 1530738.
The traffic based heuristic initial solution of I2000_S6000_C376.txt has the score 1530739.
The solution of I2000_S6000_C376.txt has the score 1530870.
Optimized for 131 points.
Execution time: 30.029233964482167 minutes.

The usage based heuristic initial solution of I2000_S6000_C376.txt has the score 1530738.
The traffic based heuristic initial solution of I2000_S6000_C376.txt has the score 1530739.
The solution of I2000_S6000_C376.txt has the score 1530859.
Optimized for 120 points.
Execution time: 30.035532957486186 minutes.

The usage based heuristic initial solution of I2000_S6000_C376.txt has the score 1530738.
The traffic based heuristic initial solution of I2000_S6000_C376.txt has the score 1530739.
The solution of I2000_S6000_C376.txt has the score 1530855.
Optimized for 116 points.
Execution time: 30.029526740514363 minutes.

The usage based heuristic initial solution of I2000_S6000_C376.txt has the score 1530738.
The traffic based heuristic initial solution of I2000_S6000_C376.txt has the score 1530739.
The solution of I2000_S6000_C376.txt has the score 1530856.
Optimized for 117 points.
Execution time: 30.034558624766458 minutes.

The usage based heuristic initial solution of I2000_S6000_C376.txt has the score 1530738.
The traffic based heuristic initial solution of I2000_S6000_C376.txt has the score 1530739.
The solution of I2000_S6000_C376.txt has the score 1530874.
Optimized for 135 points.
Execution time: 30.032286008067118 minutes.

The usage based heuristic initial solution of I2000_S6000_C376.txt has the score 1530738.
The traffic based heuristic initial solution of I2000_S6000_C376.txt has the score 1530739.
The solution of I2000_S6000_C376.txt has the score 1530857.
Optimized for 118 points.
Execution time: 30.03435267128128 minutes.

The usage based heuristic initial solution of I2000_S6000_C376.txt has the score 1530738.
The traffic based heuristic initial solution of I2000_S6000_C376.txt has the score 1530739.
The solution of I2000_S6000_C376.txt has the score 1530853.
Optimized for 114 points.
Execution time: 30.032244797982276 minutes.

The usage based heuristic initial solution of I2000_S6000_C376.txt has the score 1530738.
The traffic based heuristic initial solution of I2000_S6000_C376.txt has the score 1530739.
The solution of I2000_S6000_C376.txt has the score 1530861.
Optimized for 122 points.
Execution time: 30.03398522530139 minutes.

The usage based heuristic initial solution of I2000_S6000_C376.txt has the score 1530738.
The traffic based heuristic initial solution of I2000_S6000_C376.txt has the score 1530739.
The solution of I2000_S6000_C376.txt has the score 1530860.
Optimized for 121 points.
Execution time: 30.030008185716966 minutes.

The usage based heuristic initial solution of I200_S1000_C400.txt has the score 13238.
The traffic based heuristic initial solution of I200_S1000_C400.txt has the score 15138.
The solution of I200_S1000_C400.txt has the score 19513.
Optimized for 4375 points.
Execution time: 30.004549070284703 minutes.

The usage based heuristic initial solution of I200_S1000_C400.txt has the score 13238.
The traffic based heuristic initial solution of I200_S1000_C400.txt has the score 14644.
The solution of I200_S1000_C400.txt has the score 19446.
Optimized for 4802 points.
Execution time: 30.004236661863978 minutes.

The usage based heuristic initial solution of I200_S1000_C400.txt has the score 13238.
The traffic based heuristic initial solution of I200_S1000_C400.txt has the score 14906.
The solution of I200_S1000_C400.txt has the score 19183.
Optimized for 4277 points.
Execution time: 30.0045108422831 minutes.

The usage based heuristic initial solution of I200_S1000_C400.txt has the score 13238.
The traffic based heuristic initial solution of I200_S1000_C400.txt has the score 15671.
The solution of I200_S1000_C400.txt has the score 19994.
Optimized for 4323 points.
Execution time: 30.004327491399213 minutes.

The usage based heuristic initial solution of I200_S1000_C400.txt has the score 13238.
The traffic based heuristic initial solution of I200_S1000_C400.txt has the score 14917.
The solution of I200_S1000_C400.txt has the score 20697.
Optimized for 5780 points.
Execution time: 30.003893503701935 minutes.

The usage based heuristic initial solution of I200_S1000_C400.txt has the score 13238.
The traffic based heuristic initial solution of I200_S1000_C400.txt has the score 15170.
The solution of I200_S1000_C400.txt has the score 19901.
Optimized for 4731 points.
Execution time: 30.004129621033403 minutes.

The usage based heuristic initial solution of I200_S1000_C400.txt has the score 13238.
The traffic based heuristic initial solution of I200_S1000_C400.txt has the score 14900.
The solution of I200_S1000_C400.txt has the score 20498.
Optimized for 5598 points.
Execution time: 30.004026729947267 minutes.

The usage based heuristic initial solution of I200_S1000_C400.txt has the score 13238.
The traffic based heuristic initial solution of I200_S1000_C400.txt has the score 14868.
The solution of I200_S1000_C400.txt has the score 20007.
Optimized for 5139 points.
Execution time: 30.004756416399808 minutes.

The usage based heuristic initial solution of I200_S1000_C400.txt has the score 13238.
The traffic based heuristic initial solution of I200_S1000_C400.txt has the score 14645.
The solution of I200_S1000_C400.txt has the score 20220.
Optimized for 5575 points.
Execution time: 30.004847837468454 minutes.

The usage based heuristic initial solution of I200_S1000_C400.txt has the score 13238.
The traffic based heuristic initial solution of I200_S1000_C400.txt has the score 15156.
The solution of I200_S1000_C400.txt has the score 20214.
Optimized for 5058 points.
Execution time: 30.003935546897505 minutes.

The usage based heuristic initial solution of I200_S1000_C550.txt has the score 485796.
The traffic based heuristic initial solution of I200_S1000_C550.txt has the score 485866.
The solution of I200_S1000_C550.txt has the score 486561.
Optimized for 695 points.
Execution time: 30.001570177563313 minutes.

The usage based heuristic initial solution of I200_S1000_C550.txt has the score 485796.
The traffic based heuristic initial solution of I200_S1000_C550.txt has the score 485866.
The solution of I200_S1000_C550.txt has the score 486545.
Optimized for 679 points.
Execution time: 30.001510611902145 minutes.

The usage based heuristic initial solution of I200_S1000_C550.txt has the score 485796.
The traffic based heuristic initial solution of I200_S1000_C550.txt has the score 485866.
The solution of I200_S1000_C550.txt has the score 486541.
Optimized for 675 points.
Execution time: 30.001361229332783 minutes.

The usage based heuristic initial solution of I200_S1000_C550.txt has the score 485796.
The traffic based heuristic initial solution of I200_S1000_C550.txt has the score 485866.
The solution of I200_S1000_C550.txt has the score 486563.
Optimized for 697 points.
Execution time: 30.0013862437685 minutes.

The usage based heuristic initial solution of I200_S1000_C550.txt has the score 485796.
The traffic based heuristic initial solution of I200_S1000_C550.txt has the score 485866.
The solution of I200_S1000_C550.txt has the score 486558.
Optimized for 692 points.
Execution time: 30.00140128986677 minutes.

The usage based heuristic initial solution of I200_S1000_C550.txt has the score 485796.
The traffic based heuristic initial solution of I200_S1000_C550.txt has the score 485866.
The solution of I200_S1000_C550.txt has the score 486601.
Optimized for 735 points.
Execution time: 30.001414905985197 minutes.

The usage based heuristic initial solution of I200_S1000_C550.txt has the score 485796.
The traffic based heuristic initial solution of I200_S1000_C550.txt has the score 485866.
The solution of I200_S1000_C550.txt has the score 486601.
Optimized for 735 points.
Execution time: 30.00141356648334 minutes.

The usage based heuristic initial solution of I200_S1000_C550.txt has the score 485796.
The traffic based heuristic initial solution of I200_S1000_C550.txt has the score 485866.
The solution of I200_S1000_C550.txt has the score 486517.
Optimized for 651 points.
Execution time: 30.00142028326712 minutes.

The usage based heuristic initial solution of I200_S1000_C550.txt has the score 485796.
The traffic based heuristic initial solution of I200_S1000_C550.txt has the score 485866.
The solution of I200_S1000_C550.txt has the score 486530.
Optimized for 664 points.
Execution time: 30.001598461201258 minutes.

The usage based heuristic initial solution of I200_S1000_C550.txt has the score 485796.
The traffic based heuristic initial solution of I200_S1000_C550.txt has the score 485866.
The solution of I200_S1000_C550.txt has the score 486567.
Optimized for 701 points.
Execution time: 30.001523516051627 minutes.

The usage based heuristic initial solution of I200_S17200_C1000.txt has the score 1207799.
The traffic based heuristic initial solution of I200_S17200_C1000.txt has the score 1207092.
The solution of I200_S17200_C1000.txt has the score 1209668.
Optimized for 1869 points.
Execution time: 30.006474799701632 minutes.

The usage based heuristic initial solution of I200_S17200_C1000.txt has the score 1207799.
The traffic based heuristic initial solution of I200_S17200_C1000.txt has the score 1207092.
The solution of I200_S17200_C1000.txt has the score 1209728.
Optimized for 1929 points.
Execution time: 30.00612269526658 minutes.

The usage based heuristic initial solution of I200_S17200_C1000.txt has the score 1207799.
The traffic based heuristic initial solution of I200_S17200_C1000.txt has the score 1207092.
The solution of I200_S17200_C1000.txt has the score 1209925.
Optimized for 2126 points.
Execution time: 30.0056611314998 minutes.

The usage based heuristic initial solution of I200_S17200_C1000.txt has the score 1207799.
The traffic based heuristic initial solution of I200_S17200_C1000.txt has the score 1207092.
The solution of I200_S17200_C1000.txt has the score 1209636.
Optimized for 1837 points.
Execution time: 30.006267974397634 minutes.

The usage based heuristic initial solution of I200_S17200_C1000.txt has the score 1207799.
The traffic based heuristic initial solution of I200_S17200_C1000.txt has the score 1207092.
The solution of I200_S17200_C1000.txt has the score 1209810.
Optimized for 2011 points.
Execution time: 30.005601835801887 minutes.

The usage based heuristic initial solution of I200_S17200_C1000.txt has the score 1207799.
The traffic based heuristic initial solution of I200_S17200_C1000.txt has the score 1207092.
The solution of I200_S17200_C1000.txt has the score 1210174.
Optimized for 2375 points.
Execution time: 30.005786782033585 minutes.

The usage based heuristic initial solution of I200_S17200_C1000.txt has the score 1207799.
The traffic based heuristic initial solution of I200_S17200_C1000.txt has the score 1207092.
The solution of I200_S17200_C1000.txt has the score 1209789.
Optimized for 1990 points.
Execution time: 30.00602755386693 minutes.

The usage based heuristic initial solution of I200_S17200_C1000.txt has the score 1207799.
The traffic based heuristic initial solution of I200_S17200_C1000.txt has the score 1207092.
The solution of I200_S17200_C1000.txt has the score 1210025.
Optimized for 2226 points.
Execution time: 30.005780236116454 minutes.

The usage based heuristic initial solution of I200_S17200_C1000.txt has the score 1207799.
The traffic based heuristic initial solution of I200_S17200_C1000.txt has the score 1207092.
The solution of I200_S17200_C1000.txt has the score 1209825.
Optimized for 2026 points.
Execution time: 30.005776101350783 minutes.

The usage based heuristic initial solution of I200_S17200_C1000.txt has the score 1207799.
The traffic based heuristic initial solution of I200_S17200_C1000.txt has the score 1207092.
The solution of I200_S17200_C1000.txt has the score 1210104.
Optimized for 2305 points.
Execution time: 30.00603537046894 minutes.

The usage based heuristic initial solution of I200_S4200_C400.txt has the score 178666.
The traffic based heuristic initial solution of I200_S4200_C400.txt has the score 178563.
The solution of I200_S4200_C400.txt has the score 178944.
Optimized for 278 points.
Execution time: 30.001000405285353 minutes.

The usage based heuristic initial solution of I200_S4200_C400.txt has the score 178666.
The traffic based heuristic initial solution of I200_S4200_C400.txt has the score 178563.
The solution of I200_S4200_C400.txt has the score 178928.
Optimized for 262 points.
Execution time: 30.001006653916555 minutes.

The usage based heuristic initial solution of I200_S4200_C400.txt has the score 178666.
The traffic based heuristic initial solution of I200_S4200_C400.txt has the score 178563.
The solution of I200_S4200_C400.txt has the score 178930.
Optimized for 264 points.
Execution time: 30.000934845050022 minutes.

The usage based heuristic initial solution of I200_S4200_C400.txt has the score 178666.
The traffic based heuristic initial solution of I200_S4200_C400.txt has the score 178563.
The solution of I200_S4200_C400.txt has the score 178929.
Optimized for 263 points.
Execution time: 30.001014862733427 minutes.

The usage based heuristic initial solution of I200_S4200_C400.txt has the score 178666.
The traffic based heuristic initial solution of I200_S4200_C400.txt has the score 178563.
The solution of I200_S4200_C400.txt has the score 178934.
Optimized for 268 points.
Execution time: 30.000971165683588 minutes.

The usage based heuristic initial solution of I200_S4200_C400.txt has the score 178666.
The traffic based heuristic initial solution of I200_S4200_C400.txt has the score 178563.
The solution of I200_S4200_C400.txt has the score 178943.
Optimized for 277 points.
Execution time: 30.000987228332086 minutes.

The usage based heuristic initial solution of I200_S4200_C400.txt has the score 178666.
The traffic based heuristic initial solution of I200_S4200_C400.txt has the score 178563.
The solution of I200_S4200_C400.txt has the score 178936.
Optimized for 270 points.
Execution time: 30.000569722851893 minutes.

The usage based heuristic initial solution of I200_S4200_C400.txt has the score 178666.
The traffic based heuristic initial solution of I200_S4200_C400.txt has the score 178563.
The solution of I200_S4200_C400.txt has the score 178931.
Optimized for 265 points.
Execution time: 30.000944921851623 minutes.

The usage based heuristic initial solution of I200_S4200_C400.txt has the score 178666.
The traffic based heuristic initial solution of I200_S4200_C400.txt has the score 178563.
The solution of I200_S4200_C400.txt has the score 178904.
Optimized for 238 points.
Execution time: 30.00091057991376 minutes.

The usage based heuristic initial solution of I200_S4200_C400.txt has the score 178666.
The traffic based heuristic initial solution of I200_S4200_C400.txt has the score 178563.
The solution of I200_S4200_C400.txt has the score 178932.
Optimized for 266 points.
Execution time: 30.001014451531226 minutes.

The usage based heuristic initial solution of I220_S1100_C558.txt has the score 291630.
The traffic based heuristic initial solution of I220_S1100_C558.txt has the score 299226.
The solution of I220_S1100_C558.txt has the score 305441.
Optimized for 6215 points.
Execution time: 30.004546401750606 minutes.

The usage based heuristic initial solution of I220_S1100_C558.txt has the score 291630.
The traffic based heuristic initial solution of I220_S1100_C558.txt has the score 299613.
The solution of I220_S1100_C558.txt has the score 305500.
Optimized for 5887 points.
Execution time: 30.005094119433004 minutes.

The usage based heuristic initial solution of I220_S1100_C558.txt has the score 291630.
The traffic based heuristic initial solution of I220_S1100_C558.txt has the score 299613.
The solution of I220_S1100_C558.txt has the score 304615.
Optimized for 5002 points.
Execution time: 30.005255097034386 minutes.

The usage based heuristic initial solution of I220_S1100_C558.txt has the score 291630.
The traffic based heuristic initial solution of I220_S1100_C558.txt has the score 299212.
The solution of I220_S1100_C558.txt has the score 305879.
Optimized for 6667 points.
Execution time: 30.004677734617143 minutes.

The usage based heuristic initial solution of I220_S1100_C558.txt has the score 291630.
The traffic based heuristic initial solution of I220_S1100_C558.txt has the score 299226.
The solution of I220_S1100_C558.txt has the score 305823.
Optimized for 6597 points.
Execution time: 30.00450161183253 minutes.

The usage based heuristic initial solution of I220_S1100_C558.txt has the score 291630.
The traffic based heuristic initial solution of I220_S1100_C558.txt has the score 299212.
The solution of I220_S1100_C558.txt has the score 306190.
Optimized for 6978 points.
Execution time: 30.004762664763255 minutes.

The usage based heuristic initial solution of I220_S1100_C558.txt has the score 291630.
The traffic based heuristic initial solution of I220_S1100_C558.txt has the score 299226.
The solution of I220_S1100_C558.txt has the score 305690.
Optimized for 6464 points.
Execution time: 30.00506370331859 minutes.

The usage based heuristic initial solution of I220_S1100_C558.txt has the score 291630.
The traffic based heuristic initial solution of I220_S1100_C558.txt has the score 299613.
The solution of I220_S1100_C558.txt has the score 305990.
Optimized for 6377 points.
Execution time: 30.004522927598252 minutes.

The usage based heuristic initial solution of I220_S1100_C558.txt has the score 291630.
The traffic based heuristic initial solution of I220_S1100_C558.txt has the score 299599.
The solution of I220_S1100_C558.txt has the score 305367.
Optimized for 5768 points.
Execution time: 30.005582596765212 minutes.

The usage based heuristic initial solution of I220_S1100_C558.txt has the score 291630.
The traffic based heuristic initial solution of I220_S1100_C558.txt has the score 299226.
The solution of I220_S1100_C558.txt has the score 305783.
Optimized for 6557 points.
Execution time: 30.00462138664831 minutes.

The usage based heuristic initial solution of I220_S660_C430.txt has the score 70189.
The traffic based heuristic initial solution of I220_S660_C430.txt has the score 108567.
The solution of I220_S660_C430.txt has the score 131767.
Optimized for 23200 points.
Execution time: 30.0043594292171 minutes.

The usage based heuristic initial solution of I220_S660_C430.txt has the score 70189.
The traffic based heuristic initial solution of I220_S660_C430.txt has the score 110027.
The solution of I220_S660_C430.txt has the score 128889.
Optimized for 18862 points.
Execution time: 30.004970592035292 minutes.

The usage based heuristic initial solution of I220_S660_C430.txt has the score 70189.
The traffic based heuristic initial solution of I220_S660_C430.txt has the score 112135.
The solution of I220_S660_C430.txt has the score 128905.
Optimized for 16770 points.
Execution time: 30.004943487897982 minutes.

The usage based heuristic initial solution of I220_S660_C430.txt has the score 70189.
The traffic based heuristic initial solution of I220_S660_C430.txt has the score 112853.
The solution of I220_S660_C430.txt has the score 131675.
Optimized for 18822 points.
Execution time: 30.004961474317437 minutes.

The usage based heuristic initial solution of I220_S660_C430.txt has the score 70189.
The traffic based heuristic initial solution of I220_S660_C430.txt has the score 107177.
The solution of I220_S660_C430.txt has the score 128889.
Optimized for 21712 points.
Execution time: 30.004064446951574 minutes.

The usage based heuristic initial solution of I220_S660_C430.txt has the score 70189.
The traffic based heuristic initial solution of I220_S660_C430.txt has the score 109283.
The solution of I220_S660_C430.txt has the score 131032.
Optimized for 21749 points.
Execution time: 30.00487937811607 minutes.

The usage based heuristic initial solution of I220_S660_C430.txt has the score 70189.
The traffic based heuristic initial solution of I220_S660_C430.txt has the score 108564.
The solution of I220_S660_C430.txt has the score 130371.
Optimized for 21807 points.
Execution time: 30.00190858063288 minutes.

The usage based heuristic initial solution of I220_S660_C430.txt has the score 70189.
The traffic based heuristic initial solution of I220_S660_C430.txt has the score 106453.
The solution of I220_S660_C430.txt has the score 131035.
Optimized for 24582 points.
Execution time: 30.004813199451505 minutes.

The usage based heuristic initial solution of I220_S660_C430.txt has the score 70189.
The traffic based heuristic initial solution of I220_S660_C430.txt has the score 108567.
The solution of I220_S660_C430.txt has the score 125450.
Optimized for 16883 points.
Execution time: 30.0045020506174 minutes.

The usage based heuristic initial solution of I220_S660_C430.txt has the score 70189.
The traffic based heuristic initial solution of I220_S660_C430.txt has the score 112780.
The solution of I220_S660_C430.txt has the score 129616.
Optimized for 16836 points.
Execution time: 30.004657034149083 minutes.

The usage based heuristic initial solution of I241_S43241_C158.txt has the score 139262.
The traffic based heuristic initial solution of I241_S43241_C158.txt has the score 139265.
The solution of I241_S43241_C158.txt has the score 139459.
Optimized for 194 points.
Execution time: 30.004375657117148 minutes.

The usage based heuristic initial solution of I241_S43241_C158.txt has the score 139262.
The traffic based heuristic initial solution of I241_S43241_C158.txt has the score 139265.
The solution of I241_S43241_C158.txt has the score 139496.
Optimized for 231 points.
Execution time: 30.012993085500785 minutes.

The usage based heuristic initial solution of I241_S43241_C158.txt has the score 139262.
The traffic based heuristic initial solution of I241_S43241_C158.txt has the score 139265.
The solution of I241_S43241_C158.txt has the score 139485.
Optimized for 220 points.
Execution time: 30.004666701968137 minutes.

The usage based heuristic initial solution of I241_S43241_C158.txt has the score 139262.
The traffic based heuristic initial solution of I241_S43241_C158.txt has the score 139265.
The solution of I241_S43241_C158.txt has the score 139487.
Optimized for 222 points.
Execution time: 30.0042163863002 minutes.

The usage based heuristic initial solution of I241_S43241_C158.txt has the score 139262.
The traffic based heuristic initial solution of I241_S43241_C158.txt has the score 139265.
The solution of I241_S43241_C158.txt has the score 139480.
Optimized for 215 points.
Execution time: 30.00427110431483 minutes.

The usage based heuristic initial solution of I241_S43241_C158.txt has the score 139262.
The traffic based heuristic initial solution of I241_S43241_C158.txt has the score 139265.
The solution of I241_S43241_C158.txt has the score 139472.
Optimized for 207 points.
Execution time: 30.004569481130844 minutes.

The usage based heuristic initial solution of I241_S43241_C158.txt has the score 139262.
The traffic based heuristic initial solution of I241_S43241_C158.txt has the score 139265.
The solution of I241_S43241_C158.txt has the score 139483.
Optimized for 218 points.
Execution time: 30.013734748299854 minutes.

The usage based heuristic initial solution of I241_S43241_C158.txt has the score 139262.
The traffic based heuristic initial solution of I241_S43241_C158.txt has the score 139265.
The solution of I241_S43241_C158.txt has the score 139488.
Optimized for 223 points.
Execution time: 30.004204300333125 minutes.

The usage based heuristic initial solution of I241_S43241_C158.txt has the score 139262.
The traffic based heuristic initial solution of I241_S43241_C158.txt has the score 139265.
The solution of I241_S43241_C158.txt has the score 139471.
Optimized for 206 points.
Execution time: 30.00449760403329 minutes.

The usage based heuristic initial solution of I241_S43241_C158.txt has the score 139262.
The traffic based heuristic initial solution of I241_S43241_C158.txt has the score 139265.
The solution of I241_S43241_C158.txt has the score 139483.
Optimized for 218 points.
Execution time: 30.004519212602947 minutes.

The usage based heuristic initial solution of I2500_S10000_C306.txt has the score 2521554.
The traffic based heuristic initial solution of I2500_S10000_C306.txt has the score 2521553.
The solution of I2500_S10000_C306.txt has the score 2521582.
Optimized for 28 points.
Execution time: 30.016201153347115 minutes.

The usage based heuristic initial solution of I2500_S10000_C306.txt has the score 2521554.
The traffic based heuristic initial solution of I2500_S10000_C306.txt has the score 2521553.
The solution of I2500_S10000_C306.txt has the score 2521581.
Optimized for 27 points.
Execution time: 30.015673534215118 minutes.

The usage based heuristic initial solution of I2500_S10000_C306.txt has the score 2521554.
The traffic based heuristic initial solution of I2500_S10000_C306.txt has the score 2521553.
The solution of I2500_S10000_C306.txt has the score 2521582.
Optimized for 28 points.
Execution time: 30.01398926016797 minutes.

The usage based heuristic initial solution of I2500_S10000_C306.txt has the score 2521554.
The traffic based heuristic initial solution of I2500_S10000_C306.txt has the score 2521553.
The solution of I2500_S10000_C306.txt has the score 2521582.
Optimized for 28 points.
Execution time: 30.012886359367986 minutes.

The usage based heuristic initial solution of I2500_S10000_C306.txt has the score 2521554.
The traffic based heuristic initial solution of I2500_S10000_C306.txt has the score 2521553.
The solution of I2500_S10000_C306.txt has the score 2521583.
Optimized for 29 points.
Execution time: 30.014138054665334 minutes.

The usage based heuristic initial solution of I2500_S10000_C306.txt has the score 2521554.
The traffic based heuristic initial solution of I2500_S10000_C306.txt has the score 2521553.
The solution of I2500_S10000_C306.txt has the score 2521583.
Optimized for 29 points.
Execution time: 30.015457591201024 minutes.

The usage based heuristic initial solution of I2500_S10000_C306.txt has the score 2521554.
The traffic based heuristic initial solution of I2500_S10000_C306.txt has the score 2521553.
The solution of I2500_S10000_C306.txt has the score 2521583.
Optimized for 29 points.
Execution time: 30.015019800766215 minutes.

The usage based heuristic initial solution of I2500_S10000_C306.txt has the score 2521554.
The traffic based heuristic initial solution of I2500_S10000_C306.txt has the score 2521553.
The solution of I2500_S10000_C306.txt has the score 2521583.
Optimized for 29 points.
Execution time: 30.015107507735955 minutes.

The usage based heuristic initial solution of I2500_S10000_C306.txt has the score 2521554.
The traffic based heuristic initial solution of I2500_S10000_C306.txt has the score 2521553.
The solution of I2500_S10000_C306.txt has the score 2521582.
Optimized for 28 points.
Execution time: 30.010248188918922 minutes.

The usage based heuristic initial solution of I2500_S10000_C306.txt has the score 2521554.
The traffic based heuristic initial solution of I2500_S10000_C306.txt has the score 2521553.
The solution of I2500_S10000_C306.txt has the score 2521581.
Optimized for 27 points.
Execution time: 30.015818555800553 minutes.

The usage based heuristic initial solution of I2999_S17994_C103.txt has the score 418291.
The traffic based heuristic initial solution of I2999_S17994_C103.txt has the score 418289.
The solution of I2999_S17994_C103.txt has the score 418328.
Optimized for 37 points.
Execution time: 30.02769988878087 minutes.

The usage based heuristic initial solution of I2999_S17994_C103.txt has the score 418291.
The traffic based heuristic initial solution of I2999_S17994_C103.txt has the score 418289.
The solution of I2999_S17994_C103.txt has the score 418326.
Optimized for 35 points.
Execution time: 30.026045805114943 minutes.

The usage based heuristic initial solution of I2999_S17994_C103.txt has the score 418291.
The traffic based heuristic initial solution of I2999_S17994_C103.txt has the score 418289.
The solution of I2999_S17994_C103.txt has the score 418327.
Optimized for 36 points.
Execution time: 30.022836632316466 minutes.

The usage based heuristic initial solution of I2999_S17994_C103.txt has the score 418291.
The traffic based heuristic initial solution of I2999_S17994_C103.txt has the score 418289.
The solution of I2999_S17994_C103.txt has the score 418326.
Optimized for 35 points.
Execution time: 30.025442095616988 minutes.

The usage based heuristic initial solution of I2999_S17994_C103.txt has the score 418291.
The traffic based heuristic initial solution of I2999_S17994_C103.txt has the score 418289.
The solution of I2999_S17994_C103.txt has the score 418323.
Optimized for 32 points.
Execution time: 30.026669380200715 minutes.

The usage based heuristic initial solution of I2999_S17994_C103.txt has the score 418291.
The traffic based heuristic initial solution of I2999_S17994_C103.txt has the score 418289.
The solution of I2999_S17994_C103.txt has the score 418329.
Optimized for 38 points.
Execution time: 30.034870689932724 minutes.

The usage based heuristic initial solution of I2999_S17994_C103.txt has the score 418291.
The traffic based heuristic initial solution of I2999_S17994_C103.txt has the score 418289.
The solution of I2999_S17994_C103.txt has the score 418325.
Optimized for 34 points.
Execution time: 30.026698244382473 minutes.

The usage based heuristic initial solution of I2999_S17994_C103.txt has the score 418291.
The traffic based heuristic initial solution of I2999_S17994_C103.txt has the score 418289.
The solution of I2999_S17994_C103.txt has the score 418323.
Optimized for 32 points.
Execution time: 30.02853367791589 minutes.

The usage based heuristic initial solution of I2999_S17994_C103.txt has the score 418291.
The traffic based heuristic initial solution of I2999_S17994_C103.txt has the score 418289.
The solution of I2999_S17994_C103.txt has the score 418326.
Optimized for 35 points.
Execution time: 30.02743056768474 minutes.

The usage based heuristic initial solution of I2999_S17994_C103.txt has the score 418291.
The traffic based heuristic initial solution of I2999_S17994_C103.txt has the score 418289.
The solution of I2999_S17994_C103.txt has the score 418331.
Optimized for 40 points.
Execution time: 30.026933100481983 minutes.

The usage based heuristic initial solution of I3000_S12000_C407.txt has the score 2576292.
The traffic based heuristic initial solution of I3000_S12000_C407.txt has the score 2576271.
The solution of I3000_S12000_C407.txt has the score 2576422.
Optimized for 130 points.
Execution time: 30.079850920033643 minutes.

The usage based heuristic initial solution of I3000_S12000_C407.txt has the score 2576292.
The traffic based heuristic initial solution of I3000_S12000_C407.txt has the score 2576271.
The solution of I3000_S12000_C407.txt has the score 2576409.
Optimized for 117 points.
Execution time: 30.092475850030315 minutes.

The usage based heuristic initial solution of I3000_S12000_C407.txt has the score 2576292.
The traffic based heuristic initial solution of I3000_S12000_C407.txt has the score 2576271.
The solution of I3000_S12000_C407.txt has the score 2576399.
Optimized for 107 points.
Execution time: 30.08610992153408 minutes.

The usage based heuristic initial solution of I3000_S12000_C407.txt has the score 2576292.
The traffic based heuristic initial solution of I3000_S12000_C407.txt has the score 2576271.
The solution of I3000_S12000_C407.txt has the score 2576404.
Optimized for 112 points.
Execution time: 30.087386673747098 minutes.

The usage based heuristic initial solution of I3000_S12000_C407.txt has the score 2576292.
The traffic based heuristic initial solution of I3000_S12000_C407.txt has the score 2576271.
The solution of I3000_S12000_C407.txt has the score 2576416.
Optimized for 124 points.
Execution time: 30.08662690493123 minutes.

The usage based heuristic initial solution of I3000_S12000_C407.txt has the score 2576292.
The traffic based heuristic initial solution of I3000_S12000_C407.txt has the score 2576271.
The solution of I3000_S12000_C407.txt has the score 2576403.
Optimized for 111 points.
Execution time: 30.077886582449235 minutes.

The usage based heuristic initial solution of I3000_S12000_C407.txt has the score 2576292.
The traffic based heuristic initial solution of I3000_S12000_C407.txt has the score 2576271.
The solution of I3000_S12000_C407.txt has the score 2576416.
Optimized for 124 points.
Execution time: 30.074967249203475 minutes.

The usage based heuristic initial solution of I3000_S12000_C407.txt has the score 2576292.
The traffic based heuristic initial solution of I3000_S12000_C407.txt has the score 2576271.
The solution of I3000_S12000_C407.txt has the score 2576400.
Optimized for 108 points.
Execution time: 30.07722675561672 minutes.

The usage based heuristic initial solution of I3000_S12000_C407.txt has the score 2576292.
The traffic based heuristic initial solution of I3000_S12000_C407.txt has the score 2576271.
The solution of I3000_S12000_C407.txt has the score 2576419.
Optimized for 127 points.
Execution time: 30.089886335718134 minutes.

The usage based heuristic initial solution of I3000_S12000_C407.txt has the score 2576292.
The traffic based heuristic initial solution of I3000_S12000_C407.txt has the score 2576271.
The solution of I3000_S12000_C407.txt has the score 2576403.
Optimized for 111 points.
Execution time: 30.076539744002122 minutes.

The usage based heuristic initial solution of I3000_S15000_C316.txt has the score 1664419.
The traffic based heuristic initial solution of I3000_S15000_C316.txt has the score 1664427.
The solution of I3000_S15000_C316.txt has the score 1664529.
Optimized for 102 points.
Execution time: 30.049521749730534 minutes.

The usage based heuristic initial solution of I3000_S15000_C316.txt has the score 1664419.
The traffic based heuristic initial solution of I3000_S15000_C316.txt has the score 1664427.
The solution of I3000_S15000_C316.txt has the score 1664520.
Optimized for 93 points.
Execution time: 30.04743631691672 minutes.

The usage based heuristic initial solution of I3000_S15000_C316.txt has the score 1664419.
The traffic based heuristic initial solution of I3000_S15000_C316.txt has the score 1664427.
The solution of I3000_S15000_C316.txt has the score 1664519.
Optimized for 92 points.
Execution time: 30.048692351133408 minutes.

The usage based heuristic initial solution of I3000_S15000_C316.txt has the score 1664419.
The traffic based heuristic initial solution of I3000_S15000_C316.txt has the score 1664427.
The solution of I3000_S15000_C316.txt has the score 1664514.
Optimized for 87 points.
Execution time: 30.040260847417326 minutes.

The usage based heuristic initial solution of I3000_S15000_C316.txt has the score 1664419.
The traffic based heuristic initial solution of I3000_S15000_C316.txt has the score 1664427.
The solution of I3000_S15000_C316.txt has the score 1664522.
Optimized for 95 points.
Execution time: 30.04491444081844 minutes.

The usage based heuristic initial solution of I3000_S15000_C316.txt has the score 1664419.
The traffic based heuristic initial solution of I3000_S15000_C316.txt has the score 1664427.
The solution of I3000_S15000_C316.txt has the score 1664527.
Optimized for 100 points.
Execution time: 30.047612701864757 minutes.

The usage based heuristic initial solution of I3000_S15000_C316.txt has the score 1664419.
The traffic based heuristic initial solution of I3000_S15000_C316.txt has the score 1664427.
The solution of I3000_S15000_C316.txt has the score 1664518.
Optimized for 91 points.
Execution time: 30.04584729066895 minutes.

The usage based heuristic initial solution of I3000_S15000_C316.txt has the score 1664419.
The traffic based heuristic initial solution of I3000_S15000_C316.txt has the score 1664427.
The solution of I3000_S15000_C316.txt has the score 1664523.
Optimized for 96 points.
Execution time: 30.04217949726929 minutes.

The usage based heuristic initial solution of I3000_S15000_C316.txt has the score 1664419.
The traffic based heuristic initial solution of I3000_S15000_C316.txt has the score 1664427.
The solution of I3000_S15000_C316.txt has the score 1664533.
Optimized for 106 points.
Execution time: 30.048424224951304 minutes.

The usage based heuristic initial solution of I3000_S15000_C316.txt has the score 1664419.
The traffic based heuristic initial solution of I3000_S15000_C316.txt has the score 1664427.
The solution of I3000_S15000_C316.txt has the score 1664527.
Optimized for 100 points.
Execution time: 30.041691420432958 minutes.

The usage based heuristic initial solution of I3000_S18000_C227.txt has the score 55923.
The traffic based heuristic initial solution of I3000_S18000_C227.txt has the score 55917.
The solution of I3000_S18000_C227.txt has the score 57606.
Optimized for 1683 points.
Execution time: 30.00476002706758 minutes.

The usage based heuristic initial solution of I3000_S18000_C227.txt has the score 55923.
The traffic based heuristic initial solution of I3000_S18000_C227.txt has the score 55917.
The solution of I3000_S18000_C227.txt has the score 57560.
Optimized for 1637 points.
Execution time: 30.01891070716859 minutes.

The usage based heuristic initial solution of I3000_S18000_C227.txt has the score 55923.
The traffic based heuristic initial solution of I3000_S18000_C227.txt has the score 55917.
The solution of I3000_S18000_C227.txt has the score 57609.
Optimized for 1686 points.
Execution time: 30.004413974933172 minutes.

The usage based heuristic initial solution of I3000_S18000_C227.txt has the score 55923.
The traffic based heuristic initial solution of I3000_S18000_C227.txt has the score 55917.
The solution of I3000_S18000_C227.txt has the score 57592.
Optimized for 1669 points.
Execution time: 30.004298569599634 minutes.

The usage based heuristic initial solution of I3000_S18000_C227.txt has the score 55923.
The traffic based heuristic initial solution of I3000_S18000_C227.txt has the score 55917.
The solution of I3000_S18000_C227.txt has the score 57591.
Optimized for 1668 points.
Execution time: 30.0044258430833 minutes.

The usage based heuristic initial solution of I3000_S18000_C227.txt has the score 55923.
The traffic based heuristic initial solution of I3000_S18000_C227.txt has the score 55917.
The solution of I3000_S18000_C227.txt has the score 57595.
Optimized for 1672 points.
Execution time: 30.00498596628119 minutes.

The usage based heuristic initial solution of I3000_S18000_C227.txt has the score 55923.
The traffic based heuristic initial solution of I3000_S18000_C227.txt has the score 55917.
The solution of I3000_S18000_C227.txt has the score 57607.
Optimized for 1684 points.
Execution time: 30.01959463863556 minutes.

The usage based heuristic initial solution of I3000_S18000_C227.txt has the score 55923.
The traffic based heuristic initial solution of I3000_S18000_C227.txt has the score 55917.
The solution of I3000_S18000_C227.txt has the score 57389.
Optimized for 1466 points.
Execution time: 30.0047429071002 minutes.

The usage based heuristic initial solution of I3000_S18000_C227.txt has the score 55923.
The traffic based heuristic initial solution of I3000_S18000_C227.txt has the score 55917.
The solution of I3000_S18000_C227.txt has the score 57605.
Optimized for 1682 points.
Execution time: 30.00429330538415 minutes.

The usage based heuristic initial solution of I3000_S18000_C227.txt has the score 55923.
The traffic based heuristic initial solution of I3000_S18000_C227.txt has the score 55917.
The solution of I3000_S18000_C227.txt has the score 57580.
Optimized for 1657 points.
Execution time: 30.004757832468023 minutes.

